#! /usr/bin/vvp
:ivl_version "0.9.7 " "(v0_9_7)";
:vpi_time_precision + 0;
:vpi_module "system";
:vpi_module "v2005_math";
:vpi_module "va_math";
S_0x19d1d50 .scope module, "mimodulo_tb" "mimodulo_tb" 2 5;
 .timescale 0 0;
v0x19fec50_0 .var "clk_", 0 0;
v0x19fecd0_0 .var "entrada_", 2 0;
v0x19fed50_0 .net "fin_", 0 0, L_0x1a07ff0; 1 drivers
v0x19fee20_0 .net "salida_", 3 0, L_0x19fb340; 1 drivers
v0x19feea0_0 .var "start_", 0 0;
S_0x19c7f40 .scope module, "mi_modulo" "cuenta1" 2 16, 3 2, S_0x19d1d50;
 .timescale 0 0;
RS_0x7f3818bc10f8 .resolv tri, L_0x1a05920, L_0x1a05c80, L_0x1a05dc0, L_0x1a05f00;
L_0x19fb340 .functor BUFZ 4, RS_0x7f3818bc10f8, C4<0000>, C4<0000>, C4<0000>;
v0x19fe4a0_0 .net "CargaA", 0 0, L_0x1a078a0; 1 drivers
v0x19fe520_0 .net "CargaQ", 0 0, L_0x1a060e0; 1 drivers
v0x19f1ec0_0 .alias "Cuenta", 3 0, v0x19fee20_0;
v0x19fe6b0_0 .net "DesplazaQ", 0 0, L_0x1a069a0; 1 drivers
RS_0x7f3818bc10c8 .resolv tri, L_0x1a03700, L_0x1a03f30, L_0x1a04810, L_0x1a05180;
v0x19fe730_0 .net8 "EntA", 3 0, RS_0x7f3818bc10c8; 4 drivers
v0x19fe800_0 .net "ResetA", 0 0, L_0x1a06f40; 1 drivers
v0x19fe880_0 .net8 "SalA", 3 0, RS_0x7f3818bc10f8; 4 drivers
RS_0x7f3818bc0528 .resolv tri, L_0x1a089e0, L_0x1a08ff0, L_0x1a09590, C4<zzz>;
v0x19fe950_0 .net8 "SalQ", 2 0, RS_0x7f3818bc0528; 3 drivers
v0x19fea20_0 .net "Valor", 2 0, v0x19fecd0_0; 1 drivers
v0x19feaa0_0 .net "clk", 0 0, v0x19fec50_0; 1 drivers
v0x19feb20_0 .alias "fin", 0 0, v0x19fed50_0;
v0x19feba0_0 .net "start", 0 0, v0x19feea0_0; 1 drivers
L_0x1a083b0 .part RS_0x7f3818bc0528, 0, 1;
S_0x19f7200 .scope module, "sum" "sum4" 3 10, 4 2, S_0x19c7f40;
 .timescale 0 0;
v0x19fd510_0 .alias "A", 3 0, v0x19fe880_0;
v0x19fd5b0_0 .net "B", 3 0, C4<0001>; 1 drivers
RS_0x7f3818bc18a8 .resolv tri, L_0x19fefc0, L_0x19ff490, L_0x19ffe80, L_0x1a01110;
v0x19fd630_0 .net8 "C", 4 1, RS_0x7f3818bc18a8; 4 drivers
v0x19fd9c0_0 .alias "S", 3 0, v0x19fe730_0;
v0x19fda40_0 .net "c1", 0 0, L_0x1a03470; 1 drivers
v0x19fdaf0_0 .net "c2", 0 0, L_0x1a03ca0; 1 drivers
v0x19fdb70_0 .net "c3", 0 0, L_0x1a04580; 1 drivers
v0x19fdc20_0 .net "c4", 0 0, L_0x1a04ef0; 1 drivers
v0x19fdd20_0 .net "c_in", 0 0, C4<0>; 1 drivers
v0x19fdda0_0 .net "c_out", 0 0, L_0x1a05740; 1 drivers
v0x19fde20_0 .net "g0", 0 0, L_0x1a036a0; 1 drivers
v0x19fded0_0 .net "g1", 0 0, L_0x1a03ed0; 1 drivers
v0x19fdf80_0 .net "g2", 0 0, L_0x1a047b0; 1 drivers
v0x19fe030_0 .net "g3", 0 0, L_0x1a05120; 1 drivers
v0x19fe160_0 .net "p0", 0 0, L_0x1a03520; 1 drivers
v0x19fe210_0 .net "p1", 0 0, L_0x1a03d50; 1 drivers
v0x19fe0b0_0 .net "p2", 0 0, L_0x1a04630; 1 drivers
v0x19fe380_0 .net "p3", 0 0, L_0x1a04fa0; 1 drivers
L_0x1a02a90 .concat [ 1 1 1 1], L_0x1a036a0, L_0x1a03ed0, L_0x1a047b0, L_0x1a05120;
L_0x1a02ec0 .concat [ 1 1 1 1], L_0x1a03520, L_0x1a03d50, L_0x1a04630, L_0x1a04fa0;
L_0x1a03700 .part/pv L_0x1a03250, 0, 1, 4;
L_0x1a037a0 .part RS_0x7f3818bc10f8, 0, 1;
L_0x1a038d0 .part C4<0001>, 0, 1;
L_0x1a03f30 .part/pv L_0x1a03a30, 1, 1, 4;
L_0x1a04060 .part RS_0x7f3818bc10f8, 1, 1;
L_0x1a04100 .part C4<0001>, 1, 1;
L_0x1a041a0 .part RS_0x7f3818bc18a8, 0, 1;
L_0x1a04810 .part/pv L_0x1a04310, 2, 1, 4;
L_0x1a04910 .part RS_0x7f3818bc10f8, 2, 1;
L_0x1a049b0 .part C4<0001>, 2, 1;
L_0x1a04ac0 .part RS_0x7f3818bc18a8, 1, 1;
L_0x1a05180 .part/pv L_0x1a04cd0, 3, 1, 4;
L_0x1a052a0 .part RS_0x7f3818bc10f8, 3, 1;
L_0x1a05340 .part C4<0001>, 3, 1;
L_0x1a05500 .part RS_0x7f3818bc18a8, 2, 1;
L_0x1a05740 .part RS_0x7f3818bc18a8, 3, 1;
S_0x19fac80 .scope module, "cla" "cla_4" 4 6, 4 34, S_0x19f7200;
 .timescale 0 0;
L_0x19ff220 .functor AND 1, L_0x19ff150, C4<0>, C4<1>, C4<1>;
L_0x19ff390 .functor OR 1, L_0x19ff0b0, L_0x19ff220, C4<0>, C4<0>;
L_0x19ff7b0 .functor AND 1, L_0x19ff620, L_0x19ff710, C4<1>, C4<1>;
L_0x19ff8b0 .functor OR 1, L_0x19ff530, L_0x19ff7b0, C4<0>, C4<0>;
L_0x19ffbd0 .functor AND 1, L_0x19ff9b0, L_0x19ffaa0, C4<1>, C4<1>;
L_0x19ffc80 .functor AND 1, L_0x19ffbd0, C4<0>, C4<1>, C4<1>;
L_0x19ffd30 .functor OR 1, L_0x19ff8b0, L_0x19ffc80, C4<0>, C4<0>;
L_0x19fffb0 .functor AND 1, L_0x1a00140, L_0x1a00250, C4<1>, C4<1>;
L_0x1a002f0 .functor OR 1, L_0x1a00010, L_0x19fffb0, C4<0>, C4<0>;
L_0x1a005b0 .functor AND 1, L_0x1a003f0, L_0x1a00510, C4<1>, C4<1>;
L_0x1a00840 .functor AND 1, L_0x1a005b0, L_0x1a00710, C4<1>, C4<1>;
L_0x1a008f0 .functor OR 1, L_0x1a002f0, L_0x1a00840, C4<0>, C4<0>;
L_0x1a006b0 .functor AND 1, L_0x1a009f0, L_0x1a00ba0, C4<1>, C4<1>;
L_0x1a00d80 .functor AND 1, L_0x1a006b0, L_0x1a00ce0, C4<1>, C4<1>;
L_0x1a00e80 .functor AND 1, L_0x1a00d80, C4<0>, C4<1>, C4<1>;
L_0x1a00f30 .functor OR 1, L_0x1a008f0, L_0x1a00e80, C4<0>, C4<0>;
L_0x1a000b0 .functor AND 1, L_0x1a01260, L_0x1a011b0, C4<1>, C4<1>;
L_0x1a01570 .functor OR 1, L_0x1a00c40, L_0x1a000b0, C4<0>, C4<0>;
L_0x1a01080 .functor AND 1, L_0x1a01710, L_0x1a01300, C4<1>, C4<1>;
L_0x1a017b0 .functor AND 1, L_0x1a01080, L_0x1a01920, C4<1>, C4<1>;
L_0x1a01670 .functor OR 1, L_0x1a01570, L_0x1a017b0, C4<0>, C4<0>;
L_0x1a019c0 .functor AND 1, L_0x1a01c40, L_0x1a01ce0, C4<1>, C4<1>;
L_0x1a00a90 .functor AND 1, L_0x1a019c0, L_0x1a01af0, C4<1>, C4<1>;
L_0x1a01d80 .functor AND 1, L_0x1a00a90, L_0x1a02190, C4<1>, C4<1>;
L_0x1a01ec0 .functor OR 1, L_0x1a01670, L_0x1a01d80, C4<0>, C4<0>;
L_0x1a02230 .functor AND 1, L_0x1a024a0, L_0x1a02540, C4<1>, C4<1>;
L_0x1a027d0 .functor AND 1, L_0x1a02230, L_0x1a02380, C4<1>, C4<1>;
L_0x1a025e0 .functor AND 1, L_0x1a027d0, L_0x1a028d0, C4<1>, C4<1>;
L_0x1a026f0 .functor AND 1, L_0x1a025e0, C4<0>, C4<1>, C4<1>;
L_0x1a02b80 .functor OR 1, L_0x1a01ec0, L_0x1a026f0, C4<0>, C4<0>;
v0x19fad70_0 .alias "C", 4 1, v0x19fd630_0;
v0x19fadf0_0 .net "G", 3 0, L_0x1a02a90; 1 drivers
v0x19fae70_0 .net "P", 3 0, L_0x1a02ec0; 1 drivers
v0x19faef0_0 .net *"_s101", 0 0, L_0x1a01af0; 1 drivers
v0x19faf70_0 .net *"_s102", 0 0, L_0x1a00a90; 1 drivers
v0x19faff0_0 .net *"_s105", 0 0, L_0x1a02190; 1 drivers
v0x19fb090_0 .net *"_s106", 0 0, L_0x1a01d80; 1 drivers
v0x19fb130_0 .net *"_s108", 0 0, L_0x1a01ec0; 1 drivers
v0x19fb220_0 .net *"_s111", 0 0, L_0x1a024a0; 1 drivers
v0x19fb2c0_0 .net *"_s113", 0 0, L_0x1a02540; 1 drivers
v0x19fb3c0_0 .net *"_s114", 0 0, L_0x1a02230; 1 drivers
v0x19fb460_0 .net *"_s117", 0 0, L_0x1a02380; 1 drivers
v0x19fb500_0 .net *"_s118", 0 0, L_0x1a027d0; 1 drivers
v0x19fb5a0_0 .net *"_s121", 0 0, L_0x1a028d0; 1 drivers
v0x19fb6c0_0 .net *"_s122", 0 0, L_0x1a025e0; 1 drivers
v0x19fb760_0 .net *"_s124", 0 0, L_0x1a026f0; 1 drivers
v0x19fb620_0 .net *"_s126", 0 0, L_0x1a02b80; 1 drivers
v0x19fb8b0_0 .net *"_s13", 0 0, L_0x19ff530; 1 drivers
v0x19fb9d0_0 .net *"_s15", 0 0, L_0x19ff620; 1 drivers
v0x19fba50_0 .net *"_s17", 0 0, L_0x19ff710; 1 drivers
v0x19fb930_0 .net *"_s18", 0 0, L_0x19ff7b0; 1 drivers
v0x19fbb80_0 .net *"_s20", 0 0, L_0x19ff8b0; 1 drivers
v0x19fbad0_0 .net *"_s23", 0 0, L_0x19ff9b0; 1 drivers
v0x19fbcc0_0 .net *"_s25", 0 0, L_0x19ffaa0; 1 drivers
v0x19fbc20_0 .net *"_s26", 0 0, L_0x19ffbd0; 1 drivers
v0x19fbe10_0 .net *"_s28", 0 0, L_0x19ffc80; 1 drivers
v0x19fbd60_0 .net *"_s3", 0 0, L_0x19ff0b0; 1 drivers
v0x19fbf70_0 .net *"_s30", 0 0, L_0x19ffd30; 1 drivers
v0x19fbeb0_0 .net *"_s35", 0 0, L_0x1a00010; 1 drivers
v0x19fc0e0_0 .net *"_s37", 0 0, L_0x1a00140; 1 drivers
v0x19fbff0_0 .net *"_s39", 0 0, L_0x1a00250; 1 drivers
v0x19fc260_0 .net *"_s40", 0 0, L_0x19fffb0; 1 drivers
v0x19fc160_0 .net *"_s42", 0 0, L_0x1a002f0; 1 drivers
v0x19fc3f0_0 .net *"_s45", 0 0, L_0x1a003f0; 1 drivers
v0x19fc2e0_0 .net *"_s47", 0 0, L_0x1a00510; 1 drivers
v0x19fc590_0 .net *"_s48", 0 0, L_0x1a005b0; 1 drivers
v0x19fc470_0 .net *"_s5", 0 0, L_0x19ff150; 1 drivers
v0x19fc510_0 .net *"_s51", 0 0, L_0x1a00710; 1 drivers
v0x19fc750_0 .net *"_s52", 0 0, L_0x1a00840; 1 drivers
v0x19fc7d0_0 .net *"_s54", 0 0, L_0x1a008f0; 1 drivers
v0x19fc610_0 .net *"_s57", 0 0, L_0x1a009f0; 1 drivers
v0x19fc6b0_0 .net *"_s59", 0 0, L_0x1a00ba0; 1 drivers
v0x19fc9b0_0 .net *"_s6", 0 0, L_0x19ff220; 1 drivers
v0x19fca30_0 .net *"_s60", 0 0, L_0x1a006b0; 1 drivers
v0x19fc850_0 .net *"_s63", 0 0, L_0x1a00ce0; 1 drivers
v0x19fc8f0_0 .net *"_s64", 0 0, L_0x1a00d80; 1 drivers
v0x19fcc30_0 .net *"_s66", 0 0, L_0x1a00e80; 1 drivers
v0x19fccb0_0 .net *"_s68", 0 0, L_0x1a00f30; 1 drivers
v0x19fcad0_0 .net *"_s73", 0 0, L_0x1a00c40; 1 drivers
v0x19fcb70_0 .net *"_s75", 0 0, L_0x1a01260; 1 drivers
v0x19fced0_0 .net *"_s77", 0 0, L_0x1a011b0; 1 drivers
v0x19fcf50_0 .net *"_s78", 0 0, L_0x1a000b0; 1 drivers
v0x19fcd50_0 .net *"_s8", 0 0, L_0x19ff390; 1 drivers
v0x19fcdf0_0 .net *"_s80", 0 0, L_0x1a01570; 1 drivers
v0x19fd190_0 .net *"_s83", 0 0, L_0x1a01710; 1 drivers
v0x19fd210_0 .net *"_s85", 0 0, L_0x1a01300; 1 drivers
v0x19fcfd0_0 .net *"_s86", 0 0, L_0x1a01080; 1 drivers
v0x19fd070_0 .net *"_s89", 0 0, L_0x1a01920; 1 drivers
v0x19fd110_0 .net *"_s90", 0 0, L_0x1a017b0; 1 drivers
v0x19fd490_0 .net *"_s92", 0 0, L_0x1a01670; 1 drivers
v0x19fd2b0_0 .net *"_s95", 0 0, L_0x1a01c40; 1 drivers
v0x19fd350_0 .net *"_s97", 0 0, L_0x1a01ce0; 1 drivers
v0x19fd3f0_0 .net *"_s98", 0 0, L_0x1a019c0; 1 drivers
v0x19fd730_0 .alias "c_in", 0 0, v0x19fdd20_0;
L_0x19fefc0 .part/pv L_0x19ff390, 0, 1, 4;
L_0x19ff0b0 .part L_0x1a02a90, 0, 1;
L_0x19ff150 .part L_0x1a02ec0, 0, 1;
L_0x19ff490 .part/pv L_0x19ffd30, 1, 1, 4;
L_0x19ff530 .part L_0x1a02a90, 1, 1;
L_0x19ff620 .part L_0x1a02ec0, 1, 1;
L_0x19ff710 .part L_0x1a02a90, 0, 1;
L_0x19ff9b0 .part L_0x1a02ec0, 1, 1;
L_0x19ffaa0 .part L_0x1a02ec0, 0, 1;
L_0x19ffe80 .part/pv L_0x1a00f30, 2, 1, 4;
L_0x1a00010 .part L_0x1a02a90, 2, 1;
L_0x1a00140 .part L_0x1a02ec0, 2, 1;
L_0x1a00250 .part L_0x1a02a90, 1, 1;
L_0x1a003f0 .part L_0x1a02ec0, 2, 1;
L_0x1a00510 .part L_0x1a02ec0, 1, 1;
L_0x1a00710 .part L_0x1a02a90, 0, 1;
L_0x1a009f0 .part L_0x1a02ec0, 2, 1;
L_0x1a00ba0 .part L_0x1a02ec0, 1, 1;
L_0x1a00ce0 .part L_0x1a02ec0, 0, 1;
L_0x1a01110 .part/pv L_0x1a02b80, 3, 1, 4;
L_0x1a00c40 .part L_0x1a02a90, 3, 1;
L_0x1a01260 .part L_0x1a02ec0, 3, 1;
L_0x1a011b0 .part L_0x1a02a90, 2, 1;
L_0x1a01710 .part L_0x1a02ec0, 3, 1;
L_0x1a01300 .part L_0x1a02ec0, 2, 1;
L_0x1a01920 .part L_0x1a02a90, 1, 1;
L_0x1a01c40 .part L_0x1a02ec0, 3, 1;
L_0x1a01ce0 .part L_0x1a02ec0, 2, 1;
L_0x1a01af0 .part L_0x1a02ec0, 1, 1;
L_0x1a02190 .part L_0x1a02a90, 0, 1;
L_0x1a024a0 .part L_0x1a02ec0, 3, 1;
L_0x1a02540 .part L_0x1a02ec0, 2, 1;
L_0x1a02380 .part L_0x1a02ec0, 1, 1;
L_0x1a028d0 .part L_0x1a02ec0, 0, 1;
S_0x19f9e20 .scope module, "fa0" "fa_v3" 4 7, 4 15, S_0x19f7200;
 .timescale 0 0;
L_0x1a03470 .functor OR 1, L_0x1a031a0, L_0x1a03410, C4<0>, C4<0>;
L_0x1a03520 .functor OR 1, L_0x1a037a0, L_0x1a038d0, C4<0>, C4<0>;
L_0x1a036a0 .functor AND 1, L_0x1a037a0, L_0x1a038d0, C4<1>, C4<1>;
v0x19fa5b0_0 .net "a", 0 0, L_0x1a037a0; 1 drivers
v0x19fa660_0 .net "b", 0 0, L_0x1a038d0; 1 drivers
v0x19fa710_0 .alias "c_in", 0 0, v0x19fdd20_0;
v0x19fa7c0_0 .alias "c_out", 0 0, v0x19fda40_0;
v0x19fa870_0 .net "carry1", 0 0, L_0x1a031a0; 1 drivers
v0x19fa920_0 .net "carry2", 0 0, L_0x1a03410; 1 drivers
v0x19fa9a0_0 .alias "g", 0 0, v0x19fde20_0;
v0x19faa20_0 .alias "p", 0 0, v0x19fe160_0;
v0x19faaf0_0 .net "sum", 0 0, L_0x1a03250; 1 drivers
v0x19faba0_0 .net "sum_par", 0 0, L_0x1a030a0; 1 drivers
S_0x19fa200 .scope module, "ha1" "ha_vr" 4 19, 4 27, S_0x19f9e20;
 .timescale 0 0;
L_0x1a030a0/d .functor XOR 1, L_0x1a037a0, L_0x1a038d0, C4<0>, C4<0>;
L_0x1a030a0 .delay (1,1,1) L_0x1a030a0/d;
L_0x1a031a0/d .functor AND 1, L_0x1a037a0, L_0x1a038d0, C4<1>, C4<1>;
L_0x1a031a0 .delay (1,1,1) L_0x1a031a0/d;
v0x19fa2f0_0 .alias "a", 0 0, v0x19fa5b0_0;
v0x19fa390_0 .alias "b", 0 0, v0x19fa660_0;
v0x19fa430_0 .alias "carry", 0 0, v0x19fa870_0;
v0x19fa4d0_0 .alias "sum", 0 0, v0x19faba0_0;
S_0x19f9f10 .scope module, "ha2" "ha_vr" 4 20, 4 27, S_0x19f9e20;
 .timescale 0 0;
L_0x1a03250/d .functor XOR 1, C4<0>, L_0x1a030a0, C4<0>, C4<0>;
L_0x1a03250 .delay (1,1,1) L_0x1a03250/d;
L_0x1a03410/d .functor AND 1, C4<0>, L_0x1a030a0, C4<1>, C4<1>;
L_0x1a03410 .delay (1,1,1) L_0x1a03410/d;
v0x19fa000_0 .alias "a", 0 0, v0x19fdd20_0;
v0x19fa080_0 .alias "b", 0 0, v0x19faba0_0;
v0x19fa100_0 .alias "carry", 0 0, v0x19fa920_0;
v0x19fa180_0 .alias "sum", 0 0, v0x19faaf0_0;
S_0x19f8fc0 .scope module, "fa1" "fa_v3" 4 8, 4 15, S_0x19f7200;
 .timescale 0 0;
L_0x1a03ca0 .functor OR 1, L_0x1a039d0, L_0x1a03c00, C4<0>, C4<0>;
L_0x1a03d50 .functor OR 1, L_0x1a04060, L_0x1a04100, C4<0>, C4<0>;
L_0x1a03ed0 .functor AND 1, L_0x1a04060, L_0x1a04100, C4<1>, C4<1>;
v0x19f9750_0 .net "a", 0 0, L_0x1a04060; 1 drivers
v0x19f9800_0 .net "b", 0 0, L_0x1a04100; 1 drivers
v0x19f98b0_0 .net "c_in", 0 0, L_0x1a041a0; 1 drivers
v0x19f9960_0 .alias "c_out", 0 0, v0x19fdaf0_0;
v0x19f9a10_0 .net "carry1", 0 0, L_0x1a039d0; 1 drivers
v0x19f9ac0_0 .net "carry2", 0 0, L_0x1a03c00; 1 drivers
v0x19f9b40_0 .alias "g", 0 0, v0x19fded0_0;
v0x19f9bc0_0 .alias "p", 0 0, v0x19fe210_0;
v0x19f9c90_0 .net "sum", 0 0, L_0x1a03a30; 1 drivers
v0x19f9d40_0 .net "sum_par", 0 0, L_0x1a03970; 1 drivers
S_0x19f93a0 .scope module, "ha1" "ha_vr" 4 19, 4 27, S_0x19f8fc0;
 .timescale 0 0;
L_0x1a03970/d .functor XOR 1, L_0x1a04060, L_0x1a04100, C4<0>, C4<0>;
L_0x1a03970 .delay (1,1,1) L_0x1a03970/d;
L_0x1a039d0/d .functor AND 1, L_0x1a04060, L_0x1a04100, C4<1>, C4<1>;
L_0x1a039d0 .delay (1,1,1) L_0x1a039d0/d;
v0x19f9490_0 .alias "a", 0 0, v0x19f9750_0;
v0x19f9530_0 .alias "b", 0 0, v0x19f9800_0;
v0x19f95d0_0 .alias "carry", 0 0, v0x19f9a10_0;
v0x19f9670_0 .alias "sum", 0 0, v0x19f9d40_0;
S_0x19f90b0 .scope module, "ha2" "ha_vr" 4 20, 4 27, S_0x19f8fc0;
 .timescale 0 0;
L_0x1a03a30/d .functor XOR 1, L_0x1a041a0, L_0x1a03970, C4<0>, C4<0>;
L_0x1a03a30 .delay (1,1,1) L_0x1a03a30/d;
L_0x1a03c00/d .functor AND 1, L_0x1a041a0, L_0x1a03970, C4<1>, C4<1>;
L_0x1a03c00 .delay (1,1,1) L_0x1a03c00/d;
v0x19f91a0_0 .alias "a", 0 0, v0x19f98b0_0;
v0x19f9220_0 .alias "b", 0 0, v0x19f9d40_0;
v0x19f92a0_0 .alias "carry", 0 0, v0x19f9ac0_0;
v0x19f9320_0 .alias "sum", 0 0, v0x19f9c90_0;
S_0x19f81b0 .scope module, "fa2" "fa_v3" 4 9, 4 15, S_0x19f7200;
 .timescale 0 0;
L_0x1a04580 .functor OR 1, L_0x19fe300, L_0x1a044e0, C4<0>, C4<0>;
L_0x1a04630 .functor OR 1, L_0x1a04910, L_0x1a049b0, C4<0>, C4<0>;
L_0x1a047b0 .functor AND 1, L_0x1a04910, L_0x1a049b0, C4<1>, C4<1>;
v0x19f8940_0 .net "a", 0 0, L_0x1a04910; 1 drivers
v0x19f89f0_0 .net "b", 0 0, L_0x1a049b0; 1 drivers
v0x19f8aa0_0 .net "c_in", 0 0, L_0x1a04ac0; 1 drivers
v0x19f8b50_0 .alias "c_out", 0 0, v0x19fdb70_0;
v0x19f8c00_0 .net "carry1", 0 0, L_0x19fe300; 1 drivers
v0x19f8cb0_0 .net "carry2", 0 0, L_0x1a044e0; 1 drivers
v0x19f8d30_0 .alias "g", 0 0, v0x19fdf80_0;
v0x19f8db0_0 .alias "p", 0 0, v0x19fe0b0_0;
v0x19f8e30_0 .net "sum", 0 0, L_0x1a04310; 1 drivers
v0x19f8ee0_0 .net "sum_par", 0 0, L_0x19fd6b0; 1 drivers
S_0x19f8590 .scope module, "ha1" "ha_vr" 4 19, 4 27, S_0x19f81b0;
 .timescale 0 0;
L_0x19fd6b0/d .functor XOR 1, L_0x1a04910, L_0x1a049b0, C4<0>, C4<0>;
L_0x19fd6b0 .delay (1,1,1) L_0x19fd6b0/d;
L_0x19fe300/d .functor AND 1, L_0x1a04910, L_0x1a049b0, C4<1>, C4<1>;
L_0x19fe300 .delay (1,1,1) L_0x19fe300/d;
v0x19f8680_0 .alias "a", 0 0, v0x19f8940_0;
v0x19f8720_0 .alias "b", 0 0, v0x19f89f0_0;
v0x19f87c0_0 .alias "carry", 0 0, v0x19f8c00_0;
v0x19f8860_0 .alias "sum", 0 0, v0x19f8ee0_0;
S_0x19f82a0 .scope module, "ha2" "ha_vr" 4 20, 4 27, S_0x19f81b0;
 .timescale 0 0;
L_0x1a04310/d .functor XOR 1, L_0x1a04ac0, L_0x19fd6b0, C4<0>, C4<0>;
L_0x1a04310 .delay (1,1,1) L_0x1a04310/d;
L_0x1a044e0/d .functor AND 1, L_0x1a04ac0, L_0x19fd6b0, C4<1>, C4<1>;
L_0x1a044e0 .delay (1,1,1) L_0x1a044e0/d;
v0x19f8390_0 .alias "a", 0 0, v0x19f8aa0_0;
v0x19f8410_0 .alias "b", 0 0, v0x19f8ee0_0;
v0x19f8490_0 .alias "carry", 0 0, v0x19f8cb0_0;
v0x19f8510_0 .alias "sum", 0 0, v0x19f8e30_0;
S_0x19f72f0 .scope module, "fa3" "fa_v3" 4 10, 4 15, S_0x19f7200;
 .timescale 0 0;
L_0x1a04ef0 .functor OR 1, L_0x1a04c30, L_0x1a04e50, C4<0>, C4<0>;
L_0x1a04fa0 .functor OR 1, L_0x1a052a0, L_0x1a05340, C4<0>, C4<0>;
L_0x1a05120 .functor AND 1, L_0x1a052a0, L_0x1a05340, C4<1>, C4<1>;
v0x19f7b50_0 .net "a", 0 0, L_0x1a052a0; 1 drivers
v0x19f7c00_0 .net "b", 0 0, L_0x1a05340; 1 drivers
v0x19f7cb0_0 .net "c_in", 0 0, L_0x1a05500; 1 drivers
v0x19f7d60_0 .alias "c_out", 0 0, v0x19fdc20_0;
v0x19f7e10_0 .net "carry1", 0 0, L_0x1a04c30; 1 drivers
v0x19f7ec0_0 .net "carry2", 0 0, L_0x1a04e50; 1 drivers
v0x19f7f80_0 .alias "g", 0 0, v0x19fe030_0;
v0x19f8000_0 .alias "p", 0 0, v0x19fe380_0;
v0x19f8080_0 .net "sum", 0 0, L_0x1a04cd0; 1 drivers
v0x19f8130_0 .net "sum_par", 0 0, L_0x1a048b0; 1 drivers
S_0x19f7780 .scope module, "ha1" "ha_vr" 4 19, 4 27, S_0x19f72f0;
 .timescale 0 0;
L_0x1a048b0/d .functor XOR 1, L_0x1a052a0, L_0x1a05340, C4<0>, C4<0>;
L_0x1a048b0 .delay (1,1,1) L_0x1a048b0/d;
L_0x1a04c30/d .functor AND 1, L_0x1a052a0, L_0x1a05340, C4<1>, C4<1>;
L_0x1a04c30 .delay (1,1,1) L_0x1a04c30/d;
v0x19f7870_0 .alias "a", 0 0, v0x19f7b50_0;
v0x19f7930_0 .alias "b", 0 0, v0x19f7c00_0;
v0x19f79d0_0 .alias "carry", 0 0, v0x19f7e10_0;
v0x19f7a70_0 .alias "sum", 0 0, v0x19f8130_0;
S_0x19f73e0 .scope module, "ha2" "ha_vr" 4 20, 4 27, S_0x19f72f0;
 .timescale 0 0;
L_0x1a04cd0/d .functor XOR 1, L_0x1a05500, L_0x1a048b0, C4<0>, C4<0>;
L_0x1a04cd0 .delay (1,1,1) L_0x1a04cd0/d;
L_0x1a04e50/d .functor AND 1, L_0x1a05500, L_0x1a048b0, C4<1>, C4<1>;
L_0x1a04e50 .delay (1,1,1) L_0x1a04e50/d;
v0x19f74d0_0 .alias "a", 0 0, v0x19f7cb0_0;
v0x19f7590_0 .alias "b", 0 0, v0x19f8130_0;
v0x19f7630_0 .alias "carry", 0 0, v0x19f7ec0_0;
v0x19f76d0_0 .alias "sum", 0 0, v0x19f8080_0;
S_0x19f5800 .scope module, "A" "regA" 3 11, 5 1, S_0x19c7f40;
 .timescale 0 0;
v0x19f6f10_0 .alias "CargaA", 0 0, v0x19fe4a0_0;
v0x19f6fb0_0 .alias "ResetA", 0 0, v0x19fe800_0;
v0x19f7030_0 .alias "clk", 0 0, v0x19feaa0_0;
v0x19f70b0_0 .alias "entA", 3 0, v0x19fe730_0;
v0x19f7160_0 .alias "q", 3 0, v0x19fe880_0;
L_0x1a05880 .part RS_0x7f3818bc10c8, 0, 1;
L_0x1a05920 .part/pv v0x19f6d50_0, 0, 1, 4;
L_0x1a05ad0 .part RS_0x7f3818bc10c8, 1, 1;
L_0x1a05c80 .part/pv v0x19f6870_0, 1, 1, 4;
L_0x1a05d20 .part RS_0x7f3818bc10c8, 2, 1;
L_0x1a05dc0 .part/pv v0x19f6420_0, 2, 1, 4;
L_0x1a05e60 .part RS_0x7f3818bc10c8, 3, 1;
L_0x1a05f00 .part/pv v0x19f5f90_0, 3, 1, 4;
S_0x19f6970 .scope module, "ffa0" "ffdc" 5 4, 6 1, S_0x19f5800;
 .timescale 0 0;
P_0x19f6a68 .param/l "retardo" 6 1, +C4<01>;
v0x19f6b20_0 .alias "carga", 0 0, v0x19fe4a0_0;
v0x19f6c30_0 .alias "clk", 0 0, v0x19feaa0_0;
v0x19f6cb0_0 .net "d", 0 0, L_0x1a05880; 1 drivers
v0x19f6d50_0 .var "q", 0 0;
v0x19f6e00_0 .alias "reset", 0 0, v0x19fe800_0;
S_0x19f6520 .scope module, "ffa1" "ffdc" 5 5, 6 1, S_0x19f5800;
 .timescale 0 0;
P_0x19f6618 .param/l "retardo" 6 1, +C4<01>;
v0x19f66d0_0 .alias "carga", 0 0, v0x19fe4a0_0;
v0x19f6750_0 .alias "clk", 0 0, v0x19feaa0_0;
v0x19f67d0_0 .net "d", 0 0, L_0x1a05ad0; 1 drivers
v0x19f6870_0 .var "q", 0 0;
v0x19f68f0_0 .alias "reset", 0 0, v0x19fe800_0;
S_0x19f60f0 .scope module, "ffa2" "ffdc" 5 6, 6 1, S_0x19f5800;
 .timescale 0 0;
P_0x19f61e8 .param/l "retardo" 6 1, +C4<01>;
v0x19f6280_0 .alias "carga", 0 0, v0x19fe4a0_0;
v0x19f6300_0 .alias "clk", 0 0, v0x19feaa0_0;
v0x19f6380_0 .net "d", 0 0, L_0x1a05d20; 1 drivers
v0x19f6420_0 .var "q", 0 0;
v0x19f64a0_0 .alias "reset", 0 0, v0x19fe800_0;
S_0x19f5c90 .scope module, "ffa3" "ffdc" 5 7, 6 1, S_0x19f5800;
 .timescale 0 0;
P_0x19f3848 .param/l "retardo" 6 1, +C4<01>;
v0x19f5d80_0 .alias "carga", 0 0, v0x19fe4a0_0;
v0x19f5e00_0 .alias "clk", 0 0, v0x19feaa0_0;
v0x19f2450_0 .net "d", 0 0, L_0x1a05e60; 1 drivers
v0x19f5f90_0 .var "q", 0 0;
v0x19f6040_0 .alias "reset", 0 0, v0x19fe800_0;
E_0x19f3710 .event posedge, v0x19f3740_0, v0x19f02a0_0;
S_0x19f2f70 .scope module, "uc0" "uc" 3 12, 7 1, S_0x19c7f40;
 .timescale 0 0;
P_0x19f3068 .param/l "S0" 7 6, C4<000>;
P_0x19f3090 .param/l "S1" 7 7, C4<001>;
P_0x19f30b8 .param/l "S2" 7 8, C4<010>;
P_0x19f30e0 .param/l "S3" 7 9, C4<011>;
P_0x19f3108 .param/l "S4" 7 10, C4<100>;
P_0x19f3130 .param/l "S5" 7 11, C4<101>;
P_0x19f3158 .param/l "S6" 7 12, C4<110>;
L_0x1a06820 .functor OR 1, L_0x1a06420, L_0x1a06730, C4<0>, C4<0>;
L_0x1a066d0 .functor OR 1, L_0x1a07290, L_0x1a071f0, C4<0>, C4<0>;
L_0x1a07a00 .functor OR 1, L_0x1a066d0, L_0x1a074b0, C4<0>, C4<0>;
L_0x1a07b00 .functor AND 1, L_0x1a083b0, L_0x1a07a00, C4<1>, C4<1>;
v0x19f34a0_0 .alias "CargaA", 0 0, v0x19fe4a0_0;
v0x19f3560_0 .alias "CargaQ", 0 0, v0x19fe520_0;
v0x19f35e0_0 .alias "DesplazaQ", 0 0, v0x19fe6b0_0;
v0x19f3690_0 .alias "Fin", 0 0, v0x19fed50_0;
v0x19f3740_0 .alias "ResetA", 0 0, v0x19fe800_0;
v0x19f37c0_0 .net *"_s0", 3 0, L_0x1a05fa0; 1 drivers
v0x19f38a0_0 .net/s *"_s10", 0 0, C4<0>; 1 drivers
v0x19f3940_0 .net *"_s14", 3 0, L_0x1a06220; 1 drivers
v0x19f39e0_0 .net *"_s17", 0 0, C4<0>; 1 drivers
v0x19f3a80_0 .net *"_s18", 3 0, C4<0010>; 1 drivers
v0x19f3b80_0 .net *"_s20", 0 0, L_0x1a06420; 1 drivers
v0x19f3c20_0 .net *"_s22", 3 0, L_0x1a06560; 1 drivers
v0x19f3d30_0 .net *"_s25", 0 0, C4<0>; 1 drivers
v0x19f3dd0_0 .net *"_s26", 3 0, C4<0100>; 1 drivers
v0x19f3ef0_0 .net *"_s28", 0 0, L_0x1a06730; 1 drivers
v0x19f3f90_0 .net *"_s3", 0 0, C4<0>; 1 drivers
v0x19f3e50_0 .net *"_s30", 0 0, L_0x1a06820; 1 drivers
v0x19f40e0_0 .net/s *"_s32", 0 0, C4<1>; 1 drivers
v0x19f4200_0 .net/s *"_s34", 0 0, C4<0>; 1 drivers
v0x19f4280_0 .net *"_s38", 3 0, L_0x1a06b80; 1 drivers
v0x19f4160_0 .net *"_s4", 3 0, C4<0000>; 1 drivers
v0x19f43b0_0 .net *"_s41", 0 0, C4<0>; 1 drivers
v0x19f4300_0 .net *"_s42", 3 0, C4<0000>; 1 drivers
v0x19f44f0_0 .net *"_s44", 0 0, L_0x1a06cf0; 1 drivers
v0x19f4450_0 .net/s *"_s46", 0 0, C4<1>; 1 drivers
v0x19f4640_0 .net/s *"_s48", 0 0, C4<0>; 1 drivers
v0x19f4590_0 .net *"_s52", 3 0, L_0x1a07080; 1 drivers
v0x19f47a0_0 .net *"_s55", 0 0, C4<0>; 1 drivers
v0x19f46e0_0 .net *"_s56", 3 0, C4<0001>; 1 drivers
v0x19f4910_0 .net *"_s58", 0 0, L_0x1a07290; 1 drivers
v0x19f4820_0 .net *"_s6", 0 0, L_0x1a06040; 1 drivers
v0x19f4a90_0 .net *"_s60", 3 0, L_0x1a07380; 1 drivers
v0x19f4990_0 .net *"_s63", 0 0, C4<0>; 1 drivers
v0x19f4c20_0 .net *"_s64", 3 0, C4<0011>; 1 drivers
v0x19f4b10_0 .net *"_s66", 0 0, L_0x1a071f0; 1 drivers
v0x19f4dc0_0 .net *"_s68", 0 0, L_0x1a066d0; 1 drivers
v0x19f4ca0_0 .net *"_s70", 3 0, L_0x1a076a0; 1 drivers
v0x19f4d40_0 .net *"_s73", 0 0, C4<0>; 1 drivers
v0x19f4f80_0 .net *"_s74", 3 0, C4<0101>; 1 drivers
v0x19f5000_0 .net *"_s76", 0 0, L_0x1a074b0; 1 drivers
v0x19f4e40_0 .net *"_s78", 0 0, L_0x1a07a00; 1 drivers
v0x19f4ee0_0 .net/s *"_s8", 0 0, C4<1>; 1 drivers
v0x19f51e0_0 .net *"_s80", 0 0, L_0x1a07b00; 1 drivers
v0x19f5260_0 .net/s *"_s82", 0 0, C4<1>; 1 drivers
v0x19f5080_0 .net/s *"_s84", 0 0, C4<0>; 1 drivers
v0x19f5120_0 .net *"_s88", 3 0, L_0x1a07e40; 1 drivers
v0x19f5460_0 .net *"_s91", 0 0, C4<0>; 1 drivers
v0x19f54e0_0 .net *"_s92", 3 0, C4<0110>; 1 drivers
v0x19f5300_0 .net *"_s94", 0 0, L_0x1a07c30; 1 drivers
v0x19f53a0_0 .net/s *"_s96", 0 0, C4<1>; 1 drivers
v0x19f5700_0 .net/s *"_s98", 0 0, C4<0>; 1 drivers
v0x19f5780_0 .alias "clk", 0 0, v0x19feaa0_0;
v0x19f5560_0 .var "nextstate", 2 0;
v0x19f5600_0 .net "q0", 0 0, L_0x1a083b0; 1 drivers
v0x19f59c0_0 .alias "start", 0 0, v0x19feba0_0;
v0x19f5a40_0 .var "state", 2 0;
E_0x19f2dc0 .event edge, v0x19f5a40_0;
E_0x19f3450 .event posedge, v0x19f59c0_0, v0x19f02a0_0;
L_0x1a05fa0 .concat [ 3 1 0 0], v0x19f5a40_0, C4<0>;
L_0x1a06040 .cmp/eq 4, L_0x1a05fa0, C4<0000>;
L_0x1a060e0 .functor MUXZ 1, C4<0>, C4<1>, L_0x1a06040, C4<>;
L_0x1a06220 .concat [ 3 1 0 0], v0x19f5a40_0, C4<0>;
L_0x1a06420 .cmp/eq 4, L_0x1a06220, C4<0010>;
L_0x1a06560 .concat [ 3 1 0 0], v0x19f5a40_0, C4<0>;
L_0x1a06730 .cmp/eq 4, L_0x1a06560, C4<0100>;
L_0x1a069a0 .functor MUXZ 1, C4<0>, C4<1>, L_0x1a06820, C4<>;
L_0x1a06b80 .concat [ 3 1 0 0], v0x19f5a40_0, C4<0>;
L_0x1a06cf0 .cmp/eq 4, L_0x1a06b80, C4<0000>;
L_0x1a06f40 .functor MUXZ 1, C4<0>, C4<1>, L_0x1a06cf0, C4<>;
L_0x1a07080 .concat [ 3 1 0 0], v0x19f5a40_0, C4<0>;
L_0x1a07290 .cmp/eq 4, L_0x1a07080, C4<0001>;
L_0x1a07380 .concat [ 3 1 0 0], v0x19f5a40_0, C4<0>;
L_0x1a071f0 .cmp/eq 4, L_0x1a07380, C4<0011>;
L_0x1a076a0 .concat [ 3 1 0 0], v0x19f5a40_0, C4<0>;
L_0x1a074b0 .cmp/eq 4, L_0x1a076a0, C4<0101>;
L_0x1a078a0 .functor MUXZ 1, C4<0>, C4<1>, L_0x1a07b00, C4<>;
L_0x1a07e40 .concat [ 3 1 0 0], v0x19f5a40_0, C4<0>;
L_0x1a07c30 .cmp/eq 4, L_0x1a07e40, C4<0110>;
L_0x1a07ff0 .functor MUXZ 1, C4<0>, C4<1>, L_0x1a07c30, C4<>;
S_0x19d2480 .scope module, "Q" "regQ" 3 13, 8 1, S_0x19c7f40;
 .timescale 0 0;
L_0x1a084f0 .functor OR 1, L_0x1a060e0, L_0x1a069a0, C4<0>, C4<0>;
v0x19f2bc0_0 .alias "CargaQ", 0 0, v0x19fe520_0;
v0x19f2c40_0 .alias "DesplazaQ", 0 0, v0x19fe6b0_0;
v0x19f2cc0_0 .alias "clk", 0 0, v0x19feaa0_0;
v0x19f2d40_0 .net "enable", 0 0, L_0x1a084f0; 1 drivers
v0x19f2df0_0 .alias "entQ", 2 0, v0x19fea20_0;
v0x19f2e70_0 .alias "q", 2 0, v0x19fe950_0;
v0x19f2ef0_0 .net "reset", 0 0, C4<0>; 1 drivers
L_0x1a088a0 .part v0x19fecd0_0, 0, 1;
L_0x1a08940 .part RS_0x7f3818bc0528, 1, 1;
L_0x1a089e0 .part/pv v0x19f2560_0, 0, 1, 3;
L_0x1a08e20 .part v0x19fecd0_0, 1, 1;
L_0x1a08f50 .part RS_0x7f3818bc0528, 2, 1;
L_0x1a08ff0 .part/pv v0x19f14b0_0, 1, 1, 3;
L_0x1a094b0 .part v0x19fecd0_0, 2, 1;
L_0x1a09590 .part/pv v0x19f03f0_0, 2, 1, 3;
S_0x19f1ae0 .scope module, "ff0" "cdaff" 8 5, 8 11, S_0x19d2480;
 .timescale 0 0;
v0x19f2720_0 .alias "carga", 0 0, v0x19f2d40_0;
v0x19f27a0_0 .alias "clk", 0 0, v0x19feaa0_0;
v0x19f2820_0 .net "inp", 0 0, L_0x1a087a0; 1 drivers
v0x19f28a0_0 .net "inp_c", 0 0, L_0x1a088a0; 1 drivers
v0x19f2950_0 .net "inp_d", 0 0, L_0x1a08940; 1 drivers
v0x19f2a00_0 .net "q", 0 0, v0x19f2560_0; 1 drivers
v0x19f2ac0_0 .alias "reset", 0 0, v0x19f2ef0_0;
v0x19f2b40_0 .alias "selc_d", 0 0, v0x19fe520_0;
S_0x19f2110 .scope module, "ff0" "ffdc" 8 13, 6 1, S_0x19f1ae0;
 .timescale 0 0;
P_0x19f2208 .param/l "retardo" 6 1, +C4<01>;
v0x19f22c0_0 .alias "carga", 0 0, v0x19f2d40_0;
v0x19f23d0_0 .alias "clk", 0 0, v0x19feaa0_0;
v0x19f24e0_0 .alias "d", 0 0, v0x19f2820_0;
v0x19f2560_0 .var "q", 0 0;
v0x19f2610_0 .alias "reset", 0 0, v0x19f2ef0_0;
S_0x19f1bd0 .scope module, "mux0" "mux2_1_i1" 8 14, 8 18, S_0x19f1ae0;
 .timescale 0 0;
L_0x1a085e0 .functor NOT 1, L_0x1a060e0, C4<0>, C4<0>, C4<0>;
L_0x1a08640 .functor AND 1, L_0x1a08940, L_0x1a085e0, C4<1>, C4<1>;
L_0x1a086f0 .functor AND 1, L_0x1a088a0, L_0x1a060e0, C4<1>, C4<1>;
L_0x1a087a0 .functor OR 1, L_0x1a08640, L_0x1a086f0, C4<0>, C4<0>;
v0x19f1cc0_0 .alias "a", 0 0, v0x19f2950_0;
v0x19f1d40_0 .alias "b", 0 0, v0x19f28a0_0;
v0x19f1dc0_0 .alias "out", 0 0, v0x19f2820_0;
v0x19f1e40_0 .alias "s", 0 0, v0x19fe520_0;
v0x19f1f50_0 .net "s_n", 0 0, L_0x1a085e0; 1 drivers
v0x19f1fd0_0 .net "sa", 0 0, L_0x1a08640; 1 drivers
v0x19f2070_0 .net "sb", 0 0, L_0x1a086f0; 1 drivers
S_0x19f0b40 .scope module, "ff1" "cdaff" 8 6, 8 11, S_0x19d2480;
 .timescale 0 0;
v0x19f1600_0 .alias "carga", 0 0, v0x19f2d40_0;
v0x19f1680_0 .alias "clk", 0 0, v0x19feaa0_0;
v0x19f1700_0 .net "inp", 0 0, L_0x1a08d20; 1 drivers
v0x19f17d0_0 .net "inp_c", 0 0, L_0x1a08e20; 1 drivers
v0x19f1850_0 .net "inp_d", 0 0, L_0x1a08f50; 1 drivers
v0x19f18d0_0 .net "q", 0 0, v0x19f14b0_0; 1 drivers
v0x19f1990_0 .alias "reset", 0 0, v0x19f2ef0_0;
v0x19f1a10_0 .alias "selc_d", 0 0, v0x19fe520_0;
S_0x19f1120 .scope module, "ff0" "ffdc" 8 13, 6 1, S_0x19f0b40;
 .timescale 0 0;
P_0x19f1218 .param/l "retardo" 6 1, +C4<01>;
v0x19f1290_0 .alias "carga", 0 0, v0x19f2d40_0;
v0x19f1360_0 .alias "clk", 0 0, v0x19feaa0_0;
v0x19f1430_0 .alias "d", 0 0, v0x19f1700_0;
v0x19f14b0_0 .var "q", 0 0;
v0x19f1530_0 .alias "reset", 0 0, v0x19f2ef0_0;
S_0x19f0c30 .scope module, "mux0" "mux2_1_i1" 8 14, 8 18, S_0x19f0b40;
 .timescale 0 0;
L_0x1a08b10 .functor NOT 1, L_0x1a060e0, C4<0>, C4<0>, C4<0>;
L_0x1a08b70 .functor AND 1, L_0x1a08f50, L_0x1a08b10, C4<1>, C4<1>;
L_0x1a08c70 .functor AND 1, L_0x1a08e20, L_0x1a060e0, C4<1>, C4<1>;
L_0x1a08d20 .functor OR 1, L_0x1a08b70, L_0x1a08c70, C4<0>, C4<0>;
v0x19f0d20_0 .alias "a", 0 0, v0x19f1850_0;
v0x19f0da0_0 .alias "b", 0 0, v0x19f17d0_0;
v0x19f0e20_0 .alias "out", 0 0, v0x19f1700_0;
v0x19f0ea0_0 .alias "s", 0 0, v0x19fe520_0;
v0x19f0fa0_0 .net "s_n", 0 0, L_0x1a08b10; 1 drivers
v0x19f1020_0 .net "sa", 0 0, L_0x1a08b70; 1 drivers
v0x19f10a0_0 .net "sb", 0 0, L_0x1a08c70; 1 drivers
S_0x19d1b20 .scope module, "ff2" "cdaff" 8 7, 8 11, S_0x19d2480;
 .timescale 0 0;
v0x19f0520_0 .alias "carga", 0 0, v0x19f2d40_0;
v0x19f05f0_0 .alias "clk", 0 0, v0x19feaa0_0;
v0x19f06a0_0 .net "inp", 0 0, L_0x19fe5a0; 1 drivers
v0x19f0770_0 .net "inp_c", 0 0, L_0x1a094b0; 1 drivers
v0x19f0820_0 .net "inp_d", 0 0, C4<0>; 1 drivers
v0x19f08d0_0 .net "q", 0 0, v0x19f03f0_0; 1 drivers
v0x19f0990_0 .alias "reset", 0 0, v0x19f2ef0_0;
v0x19f0a40_0 .alias "selc_d", 0 0, v0x19fe520_0;
S_0x19f0010 .scope module, "ff0" "ffdc" 8 13, 6 1, S_0x19d1b20;
 .timescale 0 0;
P_0x19f0108 .param/l "retardo" 6 1, +C4<01>;
v0x19f01e0_0 .alias "carga", 0 0, v0x19f2d40_0;
v0x19f02a0_0 .alias "clk", 0 0, v0x19feaa0_0;
v0x19f0340_0 .alias "d", 0 0, v0x19f06a0_0;
v0x19f03f0_0 .var "q", 0 0;
v0x19f04a0_0 .alias "reset", 0 0, v0x19f2ef0_0;
E_0x19efdc0 .event posedge, v0x19f04a0_0, v0x19f02a0_0;
S_0x19c38b0 .scope module, "mux0" "mux2_1_i1" 8 14, 8 18, S_0x19d1b20;
 .timescale 0 0;
L_0x1a09090 .functor NOT 1, L_0x1a060e0, C4<0>, C4<0>, C4<0>;
L_0x1a090f0 .functor AND 1, C4<0>, L_0x1a09090, C4<1>, C4<1>;
L_0x1a091f0 .functor AND 1, L_0x1a094b0, L_0x1a060e0, C4<1>, C4<1>;
L_0x19fe5a0 .functor OR 1, L_0x1a090f0, L_0x1a091f0, C4<0>, C4<0>;
v0x199dc40_0 .alias "a", 0 0, v0x19f0820_0;
v0x19efc00_0 .alias "b", 0 0, v0x19f0770_0;
v0x19efca0_0 .alias "out", 0 0, v0x19f06a0_0;
v0x19efd40_0 .alias "s", 0 0, v0x19fe520_0;
v0x19efdf0_0 .net "s_n", 0 0, L_0x1a09090; 1 drivers
v0x19efe90_0 .net "sa", 0 0, L_0x1a090f0; 1 drivers
v0x19eff70_0 .net "sb", 0 0, L_0x1a091f0; 1 drivers
    .scope S_0x19f6970;
T_0 ;
    %wait E_0x19f3710;
    %load/v 8, v0x19f6e00_0, 1;
    %jmp/0xz  T_0.0, 8;
    %ix/load 0, 1, 0;
    %assign/v0 v0x19f6d50_0, 1, 0;
    %jmp T_0.1;
T_0.0 ;
    %load/v 8, v0x19f6b20_0, 1;
    %jmp/0xz  T_0.2, 8;
    %load/v 8, v0x19f6cb0_0, 1;
    %ix/load 0, 1, 0;
    %assign/v0 v0x19f6d50_0, 1, 8;
T_0.2 ;
T_0.1 ;
    %jmp T_0;
    .thread T_0;
    .scope S_0x19f6520;
T_1 ;
    %wait E_0x19f3710;
    %load/v 8, v0x19f68f0_0, 1;
    %jmp/0xz  T_1.0, 8;
    %ix/load 0, 1, 0;
    %assign/v0 v0x19f6870_0, 1, 0;
    %jmp T_1.1;
T_1.0 ;
    %load/v 8, v0x19f66d0_0, 1;
    %jmp/0xz  T_1.2, 8;
    %load/v 8, v0x19f67d0_0, 1;
    %ix/load 0, 1, 0;
    %assign/v0 v0x19f6870_0, 1, 8;
T_1.2 ;
T_1.1 ;
    %jmp T_1;
    .thread T_1;
    .scope S_0x19f60f0;
T_2 ;
    %wait E_0x19f3710;
    %load/v 8, v0x19f64a0_0, 1;
    %jmp/0xz  T_2.0, 8;
    %ix/load 0, 1, 0;
    %assign/v0 v0x19f6420_0, 1, 0;
    %jmp T_2.1;
T_2.0 ;
    %load/v 8, v0x19f6280_0, 1;
    %jmp/0xz  T_2.2, 8;
    %load/v 8, v0x19f6380_0, 1;
    %ix/load 0, 1, 0;
    %assign/v0 v0x19f6420_0, 1, 8;
T_2.2 ;
T_2.1 ;
    %jmp T_2;
    .thread T_2;
    .scope S_0x19f5c90;
T_3 ;
    %wait E_0x19f3710;
    %load/v 8, v0x19f6040_0, 1;
    %jmp/0xz  T_3.0, 8;
    %ix/load 0, 1, 0;
    %assign/v0 v0x19f5f90_0, 1, 0;
    %jmp T_3.1;
T_3.0 ;
    %load/v 8, v0x19f5d80_0, 1;
    %jmp/0xz  T_3.2, 8;
    %load/v 8, v0x19f2450_0, 1;
    %ix/load 0, 1, 0;
    %assign/v0 v0x19f5f90_0, 1, 8;
T_3.2 ;
T_3.1 ;
    %jmp T_3;
    .thread T_3;
    .scope S_0x19f2f70;
T_4 ;
    %wait E_0x19f3450;
    %load/v 8, v0x19f59c0_0, 1;
    %jmp/0xz  T_4.0, 8;
    %ix/load 0, 3, 0;
    %assign/v0 v0x19f5a40_0, 0, 0;
    %jmp T_4.1;
T_4.0 ;
    %load/v 8, v0x19f5560_0, 3;
    %ix/load 0, 3, 0;
    %assign/v0 v0x19f5a40_0, 0, 8;
T_4.1 ;
    %jmp T_4;
    .thread T_4;
    .scope S_0x19f2f70;
T_5 ;
    %wait E_0x19f2dc0;
    %load/v 8, v0x19f5a40_0, 3;
    %cmpi/u 8, 0, 3;
    %jmp/1 T_5.0, 6;
    %cmpi/u 8, 1, 3;
    %jmp/1 T_5.1, 6;
    %cmpi/u 8, 2, 3;
    %jmp/1 T_5.2, 6;
    %cmpi/u 8, 3, 3;
    %jmp/1 T_5.3, 6;
    %cmpi/u 8, 4, 3;
    %jmp/1 T_5.4, 6;
    %cmpi/u 8, 5, 3;
    %jmp/1 T_5.5, 6;
    %cmpi/u 8, 6, 3;
    %jmp/1 T_5.6, 6;
    %set/v v0x19f5560_0, 0, 3;
    %jmp T_5.8;
T_5.0 ;
    %movi 8, 1, 3;
    %set/v v0x19f5560_0, 8, 3;
    %jmp T_5.8;
T_5.1 ;
    %movi 8, 2, 3;
    %set/v v0x19f5560_0, 8, 3;
    %jmp T_5.8;
T_5.2 ;
    %movi 8, 3, 3;
    %set/v v0x19f5560_0, 8, 3;
    %jmp T_5.8;
T_5.3 ;
    %movi 8, 4, 3;
    %set/v v0x19f5560_0, 8, 3;
    %jmp T_5.8;
T_5.4 ;
    %movi 8, 5, 3;
    %set/v v0x19f5560_0, 8, 3;
    %jmp T_5.8;
T_5.5 ;
    %movi 8, 6, 3;
    %set/v v0x19f5560_0, 8, 3;
    %jmp T_5.8;
T_5.6 ;
    %movi 8, 6, 3;
    %set/v v0x19f5560_0, 8, 3;
    %jmp T_5.8;
T_5.8 ;
    %jmp T_5;
    .thread T_5, $push;
    .scope S_0x19f2110;
T_6 ;
    %wait E_0x19efdc0;
    %load/v 8, v0x19f2610_0, 1;
    %jmp/0xz  T_6.0, 8;
    %ix/load 0, 1, 0;
    %assign/v0 v0x19f2560_0, 1, 0;
    %jmp T_6.1;
T_6.0 ;
    %load/v 8, v0x19f22c0_0, 1;
    %jmp/0xz  T_6.2, 8;
    %load/v 8, v0x19f24e0_0, 1;
    %ix/load 0, 1, 0;
    %assign/v0 v0x19f2560_0, 1, 8;
T_6.2 ;
T_6.1 ;
    %jmp T_6;
    .thread T_6;
    .scope S_0x19f1120;
T_7 ;
    %wait E_0x19efdc0;
    %load/v 8, v0x19f1530_0, 1;
    %jmp/0xz  T_7.0, 8;
    %ix/load 0, 1, 0;
    %assign/v0 v0x19f14b0_0, 1, 0;
    %jmp T_7.1;
T_7.0 ;
    %load/v 8, v0x19f1290_0, 1;
    %jmp/0xz  T_7.2, 8;
    %load/v 8, v0x19f1430_0, 1;
    %ix/load 0, 1, 0;
    %assign/v0 v0x19f14b0_0, 1, 8;
T_7.2 ;
T_7.1 ;
    %jmp T_7;
    .thread T_7;
    .scope S_0x19f0010;
T_8 ;
    %wait E_0x19efdc0;
    %load/v 8, v0x19f04a0_0, 1;
    %jmp/0xz  T_8.0, 8;
    %ix/load 0, 1, 0;
    %assign/v0 v0x19f03f0_0, 1, 0;
    %jmp T_8.1;
T_8.0 ;
    %load/v 8, v0x19f01e0_0, 1;
    %jmp/0xz  T_8.2, 8;
    %load/v 8, v0x19f0340_0, 1;
    %ix/load 0, 1, 0;
    %assign/v0 v0x19f03f0_0, 1, 8;
T_8.2 ;
T_8.1 ;
    %jmp T_8;
    .thread T_8;
    .scope S_0x19d1d50;
T_9 ;
    %delay 5, 0;
    %load/v 8, v0x19fec50_0, 1;
    %inv 8, 1;
    %set/v v0x19fec50_0, 8, 1;
    %jmp T_9;
    .thread T_9;
    .scope S_0x19d1d50;
T_10 ;
    %set/v v0x19fec50_0, 0, 1;
    %set/v v0x19feea0_0, 1, 1;
    %set/v v0x19fecd0_0, 0, 3;
    %delay 10, 0;
    %set/v v0x19feea0_0, 0, 1;
    %end;
    .thread T_10;
    .scope S_0x19d1d50;
T_11 ;
    %vpi_call 2 31 "$monitor", "tiempo=%0d entrada_=%b salida_=%b start_=%b fin=%b clk=%b", $time, v0x19fecd0_0, v0x19fee20_0, v0x19feea0_0, v0x19fed50_0, v0x19fec50_0;
    %vpi_call 2 32 "$dumpfile", "mimodulo_tb.vcd";
    %vpi_call 2 33 "$dumpvars";
    %movi 8, 5, 3;
    %set/v v0x19fecd0_0, 8, 3;
    %delay 100, 0;
    %vpi_call 2 38 "$finish";
    %end;
    .thread T_11;
# The file index is used to find the file name in the following table.
:file_names 9;
    "N/A";
    "<interactive>";
    "tb_cuenta1.v";
    "cuenta1.v";
    "sum4.v";
    "regA.v";
    "ffdc.v";
    "uc.v";
    "regQ.v";
